<?xml version="1.0" encoding="UTF-8"?>
<!-- Generated by org.testng.reporters.JUnitReportReporter -->
<testsuite skipped="0" hostname="MEHA-LAPPY" name="mavenFramework.SeleniumTest" tests="2" failures="0" timestamp="06 Feb 2018 11:11:55 GMT" time="0.006" errors="0">
  <testcase name="browserInvocation" time="0.001" classname="mavenFramework.SeleniumTest"/>
  <testcase name="elementsui" time="0.005" classname="mavenFramework.SeleniumTest"/>
</testsuite> <!-- mavenFramework.SeleniumTest -->
