<?xml version="1.0" encoding="UTF-8"?>
<!-- Generated by org.testng.reporters.JUnitReportReporter -->
<testsuite skipped="0" hostname="MEHA-LAPPY" name="mavenFramework.MobileTest" tests="2" failures="0" timestamp="06 Feb 2018 11:11:55 GMT" time="0.004" errors="0">
  <testcase name="folderopen" time="0.002" classname="mavenFramework.MobileTest"/>
  <testcase name="keypadtesting" time="0.002" classname="mavenFramework.MobileTest"/>
</testsuite> <!-- mavenFramework.MobileTest -->
