<?xml version="1.0" encoding="UTF-8"?>
<!-- Generated by org.testng.reporters.JUnitReportReporter -->
<testsuite skipped="0" hostname="MEHA-LAPPY" name="mavenFramework.AppiumTest" tests="2" failures="0" timestamp="08 Jan 2018 11:42:27 GMT" time="0.031" errors="0">
  <testcase name="testmobile" time="0.000" classname="mavenFramework.AppiumTest"/>
  <testcase name="testapp" time="0.031" classname="mavenFramework.AppiumTest"/>
</testsuite> <!-- mavenFramework.AppiumTest -->
