<?xml version="1.0" encoding="UTF-8"?>
<!-- Generated by org.testng.reporters.JUnitReportReporter -->
<testsuite skipped="0" hostname="MEHA-LAPPY" name="mavenFramework.AppTest" tests="2" failures="0" timestamp="06 Feb 2018 11:11:55 GMT" time="0.052" errors="0">
  <testcase name="deletejira" time="0.001" classname="mavenFramework.AppTest"/>
  <testcase name="Jira" time="0.051" classname="mavenFramework.AppTest"/>
</testsuite> <!-- mavenFramework.AppTest -->
